<?xml version="1.0" encoding="UTF-8"?>
<!-- Generated by org.testng.reporters.JUnitReportReporter -->
<testsuite skipped="0" hostname="BHARATH_GATES" name="jenkins.Jenkins_Class" tests="1" failures="0" timestamp="19 Oct 2019 11:51:48 GMT" time="24.630" errors="0">
  <testcase name="openURL" time="24.630" classname="jenkins.Jenkins_Class"/>
</testsuite> <!-- jenkins.Jenkins_Class -->
