<?xml version="1.0" encoding="UTF-8"?>
<!-- Generated by org.testng.reporters.JUnitReportReporter -->
<testsuite skipped="0" hostname="BHARATH_GATES" name="jenkins.Jenkins_Class" tests="1" failures="0" timestamp="23 Oct 2019 17:51:39 GMT" time="13.883" errors="0">
  <testcase name="openURL" time="13.883" classname="jenkins.Jenkins_Class"/>
</testsuite> <!-- jenkins.Jenkins_Class -->
